c:\users\0526.user-pc.000\desktop\mission\x64\debug\vc143.pdb
c:\users\0526.user-pc.000\desktop\mission\x64\debug\vc143.idb
c:\users\0526.user-pc.000\desktop\mission\x64\debug\student.obj
c:\users\0526.user-pc.000\desktop\mission\x64\debug\scoremanager.obj
c:\users\0526.user-pc.000\desktop\mission\x64\debug\main.obj
c:\users\0526.user-pc.000\desktop\mission\x64\debug\mission.pdb
c:\users\0526.user-pc.000\desktop\mission\x64\debug\mission.tlog\cl.command.1.tlog
c:\users\0526.user-pc.000\desktop\mission\x64\debug\mission.tlog\cl.read.1.tlog
c:\users\0526.user-pc.000\desktop\mission\x64\debug\mission.tlog\cl.write.1.tlog
c:\users\0526.user-pc.000\desktop\mission\x64\debug\mission.tlog\link-cvtres.read.1.tlog
c:\users\0526.user-pc.000\desktop\mission\x64\debug\mission.tlog\link-cvtres.write.1.tlog
c:\users\0526.user-pc.000\desktop\mission\x64\debug\mission.tlog\link-rc.read.1.tlog
c:\users\0526.user-pc.000\desktop\mission\x64\debug\mission.tlog\link-rc.write.1.tlog
c:\users\0526.user-pc.000\desktop\mission\x64\debug\mission.tlog\link.17124-cvtres.read.1.tlog
c:\users\0526.user-pc.000\desktop\mission\x64\debug\mission.tlog\link.17124-cvtres.write.1.tlog
c:\users\0526.user-pc.000\desktop\mission\x64\debug\mission.tlog\link.17124-rc.read.1.tlog
c:\users\0526.user-pc.000\desktop\mission\x64\debug\mission.tlog\link.17124-rc.write.1.tlog
c:\users\0526.user-pc.000\desktop\mission\x64\debug\mission.tlog\link.17124.read.1.tlog
c:\users\0526.user-pc.000\desktop\mission\x64\debug\mission.tlog\link.17124.read.2.tlog
c:\users\0526.user-pc.000\desktop\mission\x64\debug\mission.tlog\link.17124.write.1.tlog
c:\users\0526.user-pc.000\desktop\mission\x64\debug\mission.tlog\link.command.1.tlog
c:\users\0526.user-pc.000\desktop\mission\x64\debug\mission.tlog\link.read.1.tlog
c:\users\0526.user-pc.000\desktop\mission\x64\debug\mission.tlog\link.read.3.tlog
c:\users\0526.user-pc.000\desktop\mission\x64\debug\mission.tlog\link.write.1.tlog
